D:\MYUTILITY\NONRIGID_ICP\NONRIGID_ICP\DEBUG\DRIVER.OBJ
D:\MYUTILITY\NONRIGID_ICP\NONRIGID_ICP\DEBUG\VC110.PDB
D:\MYUTILITY\NONRIGID_ICP\NONRIGID_ICP\DEBUG\SKELETON.OBJ
D:\MYUTILITY\NONRIGID_ICP\NONRIGID_ICP\DEBUG\ARTICULATEDICP.OBJ
D:\MyUtility\Nonrigid_ICP\Nonrigid_ICP\Debug\ArticulatedICP.obj
D:\MyUtility\Nonrigid_ICP\Nonrigid_ICP\Debug\driver.obj
D:\MyUtility\Nonrigid_ICP\Nonrigid_ICP\Debug\Skeleton.obj
D:\MyUtility\Nonrigid_ICP\Nonrigid_ICP\Debug\cl.command.1.tlog
D:\MyUtility\Nonrigid_ICP\Nonrigid_ICP\Debug\CL.read.1.tlog
D:\MyUtility\Nonrigid_ICP\Nonrigid_ICP\Debug\CL.write.1.tlog
D:\MyUtility\Nonrigid_ICP\Nonrigid_ICP\Debug\link-cvtres.read.1.tlog
D:\MyUtility\Nonrigid_ICP\Nonrigid_ICP\Debug\link-cvtres.write.1.tlog
D:\MyUtility\Nonrigid_ICP\Nonrigid_ICP\Debug\link-rc.read.1.tlog
D:\MyUtility\Nonrigid_ICP\Nonrigid_ICP\Debug\link-rc.write.1.tlog
D:\MyUtility\Nonrigid_ICP\Nonrigid_ICP\Debug\link.10496-cvtres.read.1.tlog
D:\MyUtility\Nonrigid_ICP\Nonrigid_ICP\Debug\link.10496-cvtres.write.1.tlog
D:\MyUtility\Nonrigid_ICP\Nonrigid_ICP\Debug\link.10496-rc.read.1.tlog
D:\MyUtility\Nonrigid_ICP\Nonrigid_ICP\Debug\link.10496-rc.write.1.tlog
D:\MyUtility\Nonrigid_ICP\Nonrigid_ICP\Debug\link.10496.read.1.tlog
D:\MyUtility\Nonrigid_ICP\Nonrigid_ICP\Debug\link.10496.write.1.tlog
D:\MyUtility\Nonrigid_ICP\Nonrigid_ICP\Debug\link.11840-cvtres.read.1.tlog
D:\MyUtility\Nonrigid_ICP\Nonrigid_ICP\Debug\link.11840-cvtres.write.1.tlog
D:\MyUtility\Nonrigid_ICP\Nonrigid_ICP\Debug\link.11840-rc.read.1.tlog
D:\MyUtility\Nonrigid_ICP\Nonrigid_ICP\Debug\link.11840-rc.write.1.tlog
D:\MyUtility\Nonrigid_ICP\Nonrigid_ICP\Debug\link.11840.read.1.tlog
D:\MyUtility\Nonrigid_ICP\Nonrigid_ICP\Debug\link.11840.write.1.tlog
D:\MyUtility\Nonrigid_ICP\Nonrigid_ICP\Debug\link.12176-cvtres.read.1.tlog
D:\MyUtility\Nonrigid_ICP\Nonrigid_ICP\Debug\link.12176-cvtres.write.1.tlog
D:\MyUtility\Nonrigid_ICP\Nonrigid_ICP\Debug\link.12176-rc.read.1.tlog
D:\MyUtility\Nonrigid_ICP\Nonrigid_ICP\Debug\link.12176-rc.write.1.tlog
D:\MyUtility\Nonrigid_ICP\Nonrigid_ICP\Debug\link.12176.read.1.tlog
D:\MyUtility\Nonrigid_ICP\Nonrigid_ICP\Debug\link.12176.write.1.tlog
D:\MyUtility\Nonrigid_ICP\Nonrigid_ICP\Debug\link.1328-cvtres.read.1.tlog
D:\MyUtility\Nonrigid_ICP\Nonrigid_ICP\Debug\link.1328-cvtres.write.1.tlog
D:\MyUtility\Nonrigid_ICP\Nonrigid_ICP\Debug\link.1328-rc.read.1.tlog
D:\MyUtility\Nonrigid_ICP\Nonrigid_ICP\Debug\link.1328-rc.write.1.tlog
D:\MyUtility\Nonrigid_ICP\Nonrigid_ICP\Debug\link.1328.read.1.tlog
D:\MyUtility\Nonrigid_ICP\Nonrigid_ICP\Debug\link.1328.write.1.tlog
D:\MyUtility\Nonrigid_ICP\Nonrigid_ICP\Debug\link.6740-cvtres.read.1.tlog
D:\MyUtility\Nonrigid_ICP\Nonrigid_ICP\Debug\link.6740-cvtres.write.1.tlog
D:\MyUtility\Nonrigid_ICP\Nonrigid_ICP\Debug\link.6740-rc.read.1.tlog
D:\MyUtility\Nonrigid_ICP\Nonrigid_ICP\Debug\link.6740-rc.write.1.tlog
D:\MyUtility\Nonrigid_ICP\Nonrigid_ICP\Debug\link.6740.read.1.tlog
D:\MyUtility\Nonrigid_ICP\Nonrigid_ICP\Debug\link.6740.write.1.tlog
D:\MyUtility\Nonrigid_ICP\Nonrigid_ICP\Debug\link.8368-cvtres.read.1.tlog
D:\MyUtility\Nonrigid_ICP\Nonrigid_ICP\Debug\link.8368-cvtres.write.1.tlog
D:\MyUtility\Nonrigid_ICP\Nonrigid_ICP\Debug\link.8368-rc.read.1.tlog
D:\MyUtility\Nonrigid_ICP\Nonrigid_ICP\Debug\link.8368-rc.write.1.tlog
D:\MyUtility\Nonrigid_ICP\Nonrigid_ICP\Debug\link.8368.read.1.tlog
D:\MyUtility\Nonrigid_ICP\Nonrigid_ICP\Debug\link.8368.write.1.tlog
D:\MyUtility\Nonrigid_ICP\Nonrigid_ICP\Debug\link.command.1.tlog
D:\MyUtility\Nonrigid_ICP\Nonrigid_ICP\Debug\link.read.1.tlog
D:\MyUtility\Nonrigid_ICP\Nonrigid_ICP\Debug\link.write.1.tlog
D:\MyUtility\Nonrigid_ICP\Nonrigid_ICP\Debug\vc110.idb
D:\MyUtility\Nonrigid_ICP\Nonrigid_ICP\Debug\vc110.pdb
D:\MyUtility\Nonrigid_ICP\Debug\Nonrigid_ICP.pdb
