Build started 2014/9/1 14:56:02.
     1>Project "D:\MyUtility\Nonrigid_ICP\Nonrigid_ICP\Nonrigid_ICP.vcxproj" on node 2 (Build target(s)).
     1>InitializeBuildStatus:
         Touching "x64\Release\Nonrigid_ICP.unsuccessfulbuild".
       ClCompile:
         C:\Program Files (x86)\Microsoft Visual Studio 11.0\VC\bin\x86_amd64\CL.exe /c /Zi /nologo /W3 /WX- /sdl /O2 /Oi /GL /D _MBCS /Gm- /EHsc /MD /GS /Gy /fp:precise /Zc:wchar_t /Zc:forScope /Fo"x64\Release\\" /Fd"x64\Release\vc110.pdb" /Gd /TP /errorReport:prompt driver.cpp
         driver.cpp
     1>driver.cpp(35): warning C4244: 'argument' : conversion from 'time_t' to 'unsigned int', possible loss of data
       Link:
         C:\Program Files (x86)\Microsoft Visual Studio 11.0\VC\bin\x86_amd64\link.exe /ERRORREPORT:PROMPT /OUT:"D:\MyUtility\Nonrigid_ICP\x64\Release\Nonrigid_ICP.exe" /NOLOGO kernel32.lib user32.lib gdi32.lib winspool.lib comdlg32.lib advapi32.lib shell32.lib ole32.lib oleaut32.lib uuid.lib odbc32.lib odbccp32.lib /MANIFEST /MANIFESTUAC:"level='asInvoker' uiAccess='false'" /manifest:embed /DEBUG /PDB:"D:\MyUtility\Nonrigid_ICP\x64\Release\Nonrigid_ICP.pdb" /OPT:REF /OPT:ICF /LTCG /TLBID:1 /DYNAMICBASE /NXCOMPAT /IMPLIB:"D:\MyUtility\Nonrigid_ICP\x64\Release\Nonrigid_ICP.lib" /MACHINE:X64 x64\Release\ArticulatedICP.obj
         x64\Release\driver.obj
         x64\Release\Skeleton.obj
         Generating code
         Finished generating code
         Nonrigid_ICP.vcxproj -> D:\MyUtility\Nonrigid_ICP\x64\Release\Nonrigid_ICP.exe
       FinalizeBuildStatus:
         Deleting file "x64\Release\Nonrigid_ICP.unsuccessfulbuild".
         Touching "x64\Release\Nonrigid_ICP.lastbuildstate".
     1>Done Building Project "D:\MyUtility\Nonrigid_ICP\Nonrigid_ICP\Nonrigid_ICP.vcxproj" (Build target(s)).

Build succeeded.

Time Elapsed 00:00:01.00
